version https://git-lfs.github.com/spec/v1
oid sha256:2796c1d35192cf59cb73970254100f01f3e5a735b042f7c3d7ac92ce8db37ddd
size 2456
