version https://git-lfs.github.com/spec/v1
oid sha256:aca83f5e44948773e01b79ed62e3036c38e4f3c9284ba23ee6c6b028fe55fb0d
size 3430
