version https://git-lfs.github.com/spec/v1
oid sha256:d07c0405e43ef2ee3bfab695ddb42549b00e8e69bb6c2eb945ea2ad744e7d8f4
size 945
