version https://git-lfs.github.com/spec/v1
oid sha256:49e2905ec8971183a18b46ab6899a80fb695ef8d9662de3d8789b92f44f19950
size 1203
